<?xml version="1.0" encoding="UTF-8"?>
<testsuite name="com.hienthai.fastowin.state.Sha256Test" tests="2" skipped="0" failures="0" errors="0" timestamp="2026-08-09T13:04:38.399Z" hostname="DESKTOP-DJO9JDK" time="0.023">
  <properties/>
  <testcase name="hashesKnownValue" classname="com.hienthai.fastowin.state.Sha256Test" time="0.019"/>
  <testcase name="hashesEmptyValue" classname="com.hienthai.fastowin.state.Sha256Test" time="0.0"/>
  <system-out><![CDATA[]]></system-out>
  <system-err><![CDATA[]]></system-err>
</testsuite>
